emit_log_hook
shmem_request_hook
shmem_startup_hook
shmem_shutdown_hook
check_password_hook
ClientAuthentication_hook
ExecutorCheckPerms_hook
object_access_hook
row_security_policy_hook_permissive
row_security_policy_hook_restrictive
needs_fmgr_hook
fmgr_hook
ExplainOneQuery_hook
get_attavgwidth_hook
get_index_stats_hook
get_relation_info_hook
get_relation_stats_hook
planner_hook
join_search_hook
set_rel_pathlist_hook
set_join_pathlist_hook
create_upper_paths_hook
post_parse_analyze_hook
ExecutorStart_hook
ExecutorRun_hook
ExecutorFinish_hook
ExecutorEnd_hook
ProcessUtility_hook
func_setup
func_beg
func_end
stmt_beg
stmt_end
